#
# A fatal error has been detected by the Java Runtime Environment:
#
#  Internal Error (generateOopMap.cpp:2164), pid=16004, tid=3752
#  fatal error: Illegal class file encountered. Try running with -Xverify:all in method createBoard
#
# JRE version: Java(TM) SE Runtime Environment (16.0.2+7) (build 16.0.2+7-67)
# Java VM: Java HotSpot(TM) 64-Bit Server VM (16.0.2+7-67, mixed mode, sharing, tiered, compressed oops, compressed class ptrs, g1 gc, windows-amd64)
# No core dump will be written. Minidumps are not enabled by default on client versions of Windows
#
# If you would like to submit a bug report, please visit:
#   https://bugreport.java.com/bugreport/crash.jsp
#

---------------  S U M M A R Y ------------

Command Line: -XX:+ShowCodeDetailsInExceptionMessages -agentlib:jdwp=transport=dt_socket,suspend=y,address=localhost:51333 -javaagent:E:\bilge_adam\eclipse_2021\eclipse\configuration\org.eclipse.osgi\1159\0\.cp\lib\javaagent-shaded.jar -Dfile.encoding=UTF-8 com.patika.mustafa.java101.minefield.MineField

Host: Intel(R) Core(TM) i5-10200H CPU @ 2.40GHz, 8 cores, 15G,  Windows 10 , 64 bit Build 19041 (10.0.19041.1202)
Time: Fri Nov 12 19:40:50 2021 Türkiye Standart Saati elapsed time: 279.602778 seconds (0d 0h 4m 39s)

---------------  T H R E A D  ---------------

Current thread (0x000001a67f982620):  VMThread "VM Thread" [stack: 0x0000001ab7700000,0x0000001ab7800000] [id=3752]

Stack: [0x0000001ab7700000,0x0000001ab7800000]
Native frames: (J=compiled Java code, j=interpreted, Vv=VM code, C=native code)
V  [jvm.dll+0x6681ca]
V  [jvm.dll+0x7c9e69]
V  [jvm.dll+0x7cb61e]
V  [jvm.dll+0x7cbc27]
V  [jvm.dll+0x2429b3]
V  [jvm.dll+0x330cf9]
V  [jvm.dll+0x32e505]
V  [jvm.dll+0x32f72e]
V  [jvm.dll+0x32cdaf]
V  [jvm.dll+0x32c037]
V  [jvm.dll+0x656cce]
V  [jvm.dll+0x6569d3]
V  [jvm.dll+0x61c1e8]
V  [jvm.dll+0x7c18f5]
V  [jvm.dll+0x520446]
V  [jvm.dll+0x7d00ab]
V  [jvm.dll+0x7d0da4]
V  [jvm.dll+0x7d12a9]
V  [jvm.dll+0x7d1564]
V  [jvm.dll+0x7d1630]
V  [jvm.dll+0x7795aa]
V  [jvm.dll+0x667066]
C  [ucrtbase.dll+0x21bb2]
C  [KERNEL32.DLL+0x17034]
C  [ntdll.dll+0x52651]

VM_Operation (0x0000001ab82fefd0): get/set locals, mode: safepoint, requested by thread 0x000001a60a9859d0


---------------  P R O C E S S  ---------------

Threads class SMR info:
_java_thread_list=0x000001a60aa9e900, length=15, elements={
0x000001a666caa940, 0x000001a67f986830, 0x000001a67f989ea0, 0x000001a67f99a480,
0x000001a67f99c090, 0x000001a67f99f240, 0x000001a67f9a5fb0, 0x000001a67f9ab480,
0x000001a67f9ac230, 0x000001a67f9be780, 0x000001a67f9672f0, 0x000001a60a9859d0,
0x000001a60a987cb0, 0x000001a60a9883e0, 0x000001a60aa90070
}

Java Threads: ( => current thread )
  0x000001a666caa940 JavaThread "main" [_thread_blocked, id=5340, stack(0x0000001ab7100000,0x0000001ab7200000)]
  0x000001a67f986830 JavaThread "Reference Handler" daemon [_thread_blocked, id=13804, stack(0x0000001ab7800000,0x0000001ab7900000)]
  0x000001a67f989ea0 JavaThread "Finalizer" daemon [_thread_blocked, id=11952, stack(0x0000001ab7900000,0x0000001ab7a00000)]
  0x000001a67f99a480 JavaThread "Signal Dispatcher" daemon [_thread_blocked, id=14776, stack(0x0000001ab7a00000,0x0000001ab7b00000)]
  0x000001a67f99c090 JavaThread "Attach Listener" daemon [_thread_blocked, id=8856, stack(0x0000001ab7b00000,0x0000001ab7c00000)]
  0x000001a67f99f240 JavaThread "Service Thread" daemon [_thread_blocked, id=7344, stack(0x0000001ab7c00000,0x0000001ab7d00000)]
  0x000001a67f9a5fb0 JavaThread "Monitor Deflation Thread" daemon [_thread_blocked, id=10232, stack(0x0000001ab7d00000,0x0000001ab7e00000)]
  0x000001a67f9ab480 JavaThread "C2 CompilerThread0" daemon [_thread_blocked, id=8788, stack(0x0000001ab7e00000,0x0000001ab7f00000)]
  0x000001a67f9ac230 JavaThread "C1 CompilerThread0" daemon [_thread_blocked, id=8648, stack(0x0000001ab7f00000,0x0000001ab8000000)]
  0x000001a67f9be780 JavaThread "Sweeper thread" daemon [_thread_blocked, id=6864, stack(0x0000001ab8000000,0x0000001ab8100000)]
  0x000001a67f9672f0 JavaThread "Common-Cleaner" daemon [_thread_blocked, id=14588, stack(0x0000001ab8100000,0x0000001ab8200000)]
  0x000001a60a9859d0 JavaThread "JDWP Transport Listener: dt_socket" daemon [_thread_blocked, id=9808, stack(0x0000001ab8200000,0x0000001ab8300000)]
  0x000001a60a987cb0 JavaThread "JDWP Event Helper Thread" daemon [_thread_blocked, id=5232, stack(0x0000001ab8300000,0x0000001ab8400000)]
  0x000001a60a9883e0 JavaThread "JDWP Command Reader" daemon [_thread_in_native, id=7524, stack(0x0000001ab8400000,0x0000001ab8500000)]
  0x000001a60aa90070 JavaThread "Notification Thread" daemon [_thread_blocked, id=10104, stack(0x0000001ab8600000,0x0000001ab8700000)]

Other Threads:
=>0x000001a67f982620 VMThread "VM Thread" [stack: 0x0000001ab7700000,0x0000001ab7800000] [id=3752]
  0x000001a60aa911b0 WatcherThread [stack: 0x0000001ab8700000,0x0000001ab8800000] [id=15584]
  0x000001a666cfa4d0 GCTaskThread "GC Thread#0" [stack: 0x0000001ab7200000,0x0000001ab7300000] [id=7904]
  0x000001a666d0b970 ConcurrentGCThread "G1 Main Marker" [stack: 0x0000001ab7300000,0x0000001ab7400000] [id=9708]
  0x000001a666d0c3e0 ConcurrentGCThread "G1 Conc#0" [stack: 0x0000001ab7400000,0x0000001ab7500000] [id=7176]
  0x000001a67f8424c0 ConcurrentGCThread "G1 Refine#0" [stack: 0x0000001ab7500000,0x0000001ab7600000] [id=9040]
  0x000001a67f842f40 ConcurrentGCThread "G1 Service" [stack: 0x0000001ab7600000,0x0000001ab7700000] [id=14052]

Threads with active compile tasks:

VM state: at safepoint (normal execution)

VM Mutex/Monitor currently owned by a thread:  ([mutex/lock_event])
[0x000001a666ca4450] Threads_lock - owner thread: 0x000001a67f982620

Heap address: 0x0000000703400000, size: 4044 MB, Compressed Oops mode: Zero based, Oop shift amount: 3

CDS archive(s) mapped at: [0x0000000800000000-0x0000000800bb0000-0x0000000800bb0000), size 12255232, SharedBaseAddress: 0x0000000800000000, ArchiveRelocationMode: 0.
Compressed class space mapped at: 0x0000000800c00000-0x0000000840c00000, reserved size: 1073741824
Narrow klass base: 0x0000000800000000, Narrow klass shift: 3, Narrow klass range: 0x100000000

GC Precious Log:
 CPUs: 8 total, 8 available
 Memory: 16173M
 Large Page Support: Disabled
 NUMA Support: Disabled
 Compressed Oops: Enabled (Zero based)
 Heap Region Size: 2M
 Heap Min Capacity: 8M
 Heap Initial Capacity: 254M
 Heap Max Capacity: 4044M
 Pre-touch: Disabled
 Parallel Workers: 8
 Concurrent Workers: 2
 Concurrent Refinement Workers: 8
 Periodic GC: Disabled

Heap:
 garbage-first heap   total 260096K, used 4096K [0x0000000703400000, 0x0000000800000000)
  region size 2048K, 3 young (6144K), 0 survivors (0K)
 Metaspace       used 2627K, committed 2816K, reserved 1056768K
  class space    used 228K, committed 320K, reserved 1048576K

Heap Regions: E=young(eden), S=young(survivor), O=old, HS=humongous(starts), HC=humongous(continues), CS=collection set, F=free, OA=open archive, CA=closed archive, TAMS=top-at-mark-start (previous, next)
|   0|0x0000000703400000, 0x0000000703400000, 0x0000000703600000|  0%| F|  |TAMS 0x0000000703400000, 0x0000000703400000| Untracked 
|   1|0x0000000703600000, 0x0000000703600000, 0x0000000703800000|  0%| F|  |TAMS 0x0000000703600000, 0x0000000703600000| Untracked 
|   2|0x0000000703800000, 0x0000000703800000, 0x0000000703a00000|  0%| F|  |TAMS 0x0000000703800000, 0x0000000703800000| Untracked 
|   3|0x0000000703a00000, 0x0000000703a00000, 0x0000000703c00000|  0%| F|  |TAMS 0x0000000703a00000, 0x0000000703a00000| Untracked 
|   4|0x0000000703c00000, 0x0000000703c00000, 0x0000000703e00000|  0%| F|  |TAMS 0x0000000703c00000, 0x0000000703c00000| Untracked 
|   5|0x0000000703e00000, 0x0000000703e00000, 0x0000000704000000|  0%| F|  |TAMS 0x0000000703e00000, 0x0000000703e00000| Untracked 
|   6|0x0000000704000000, 0x0000000704000000, 0x0000000704200000|  0%| F|  |TAMS 0x0000000704000000, 0x0000000704000000| Untracked 
|   7|0x0000000704200000, 0x0000000704200000, 0x0000000704400000|  0%| F|  |TAMS 0x0000000704200000, 0x0000000704200000| Untracked 
|   8|0x0000000704400000, 0x0000000704400000, 0x0000000704600000|  0%| F|  |TAMS 0x0000000704400000, 0x0000000704400000| Untracked 
|   9|0x0000000704600000, 0x0000000704600000, 0x0000000704800000|  0%| F|  |TAMS 0x0000000704600000, 0x0000000704600000| Untracked 
|  10|0x0000000704800000, 0x0000000704800000, 0x0000000704a00000|  0%| F|  |TAMS 0x0000000704800000, 0x0000000704800000| Untracked 
|  11|0x0000000704a00000, 0x0000000704a00000, 0x0000000704c00000|  0%| F|  |TAMS 0x0000000704a00000, 0x0000000704a00000| Untracked 
|  12|0x0000000704c00000, 0x0000000704c00000, 0x0000000704e00000|  0%| F|  |TAMS 0x0000000704c00000, 0x0000000704c00000| Untracked 
|  13|0x0000000704e00000, 0x0000000704e00000, 0x0000000705000000|  0%| F|  |TAMS 0x0000000704e00000, 0x0000000704e00000| Untracked 
|  14|0x0000000705000000, 0x0000000705000000, 0x0000000705200000|  0%| F|  |TAMS 0x0000000705000000, 0x0000000705000000| Untracked 
|  15|0x0000000705200000, 0x0000000705200000, 0x0000000705400000|  0%| F|  |TAMS 0x0000000705200000, 0x0000000705200000| Untracked 
|  16|0x0000000705400000, 0x0000000705400000, 0x0000000705600000|  0%| F|  |TAMS 0x0000000705400000, 0x0000000705400000| Untracked 
|  17|0x0000000705600000, 0x0000000705600000, 0x0000000705800000|  0%| F|  |TAMS 0x0000000705600000, 0x0000000705600000| Untracked 
|  18|0x0000000705800000, 0x0000000705800000, 0x0000000705a00000|  0%| F|  |TAMS 0x0000000705800000, 0x0000000705800000| Untracked 
|  19|0x0000000705a00000, 0x0000000705a00000, 0x0000000705c00000|  0%| F|  |TAMS 0x0000000705a00000, 0x0000000705a00000| Untracked 
|  20|0x0000000705c00000, 0x0000000705c00000, 0x0000000705e00000|  0%| F|  |TAMS 0x0000000705c00000, 0x0000000705c00000| Untracked 
|  21|0x0000000705e00000, 0x0000000705e00000, 0x0000000706000000|  0%| F|  |TAMS 0x0000000705e00000, 0x0000000705e00000| Untracked 
|  22|0x0000000706000000, 0x0000000706000000, 0x0000000706200000|  0%| F|  |TAMS 0x0000000706000000, 0x0000000706000000| Untracked 
|  23|0x0000000706200000, 0x0000000706200000, 0x0000000706400000|  0%| F|  |TAMS 0x0000000706200000, 0x0000000706200000| Untracked 
|  24|0x0000000706400000, 0x0000000706400000, 0x0000000706600000|  0%| F|  |TAMS 0x0000000706400000, 0x0000000706400000| Untracked 
|  25|0x0000000706600000, 0x0000000706600000, 0x0000000706800000|  0%| F|  |TAMS 0x0000000706600000, 0x0000000706600000| Untracked 
|  26|0x0000000706800000, 0x0000000706800000, 0x0000000706a00000|  0%| F|  |TAMS 0x0000000706800000, 0x0000000706800000| Untracked 
|  27|0x0000000706a00000, 0x0000000706a00000, 0x0000000706c00000|  0%| F|  |TAMS 0x0000000706a00000, 0x0000000706a00000| Untracked 
|  28|0x0000000706c00000, 0x0000000706c00000, 0x0000000706e00000|  0%| F|  |TAMS 0x0000000706c00000, 0x0000000706c00000| Untracked 
|  29|0x0000000706e00000, 0x0000000706e00000, 0x0000000707000000|  0%| F|  |TAMS 0x0000000706e00000, 0x0000000706e00000| Untracked 
|  30|0x0000000707000000, 0x0000000707000000, 0x0000000707200000|  0%| F|  |TAMS 0x0000000707000000, 0x0000000707000000| Untracked 
|  31|0x0000000707200000, 0x0000000707200000, 0x0000000707400000|  0%| F|  |TAMS 0x0000000707200000, 0x0000000707200000| Untracked 
|  32|0x0000000707400000, 0x0000000707400000, 0x0000000707600000|  0%| F|  |TAMS 0x0000000707400000, 0x0000000707400000| Untracked 
|  33|0x0000000707600000, 0x0000000707600000, 0x0000000707800000|  0%| F|  |TAMS 0x0000000707600000, 0x0000000707600000| Untracked 
|  34|0x0000000707800000, 0x0000000707800000, 0x0000000707a00000|  0%| F|  |TAMS 0x0000000707800000, 0x0000000707800000| Untracked 
|  35|0x0000000707a00000, 0x0000000707a00000, 0x0000000707c00000|  0%| F|  |TAMS 0x0000000707a00000, 0x0000000707a00000| Untracked 
|  36|0x0000000707c00000, 0x0000000707c00000, 0x0000000707e00000|  0%| F|  |TAMS 0x0000000707c00000, 0x0000000707c00000| Untracked 
|  37|0x0000000707e00000, 0x0000000707e00000, 0x0000000708000000|  0%| F|  |TAMS 0x0000000707e00000, 0x0000000707e00000| Untracked 
|  38|0x0000000708000000, 0x0000000708000000, 0x0000000708200000|  0%| F|  |TAMS 0x0000000708000000, 0x0000000708000000| Untracked 
|  39|0x0000000708200000, 0x0000000708200000, 0x0000000708400000|  0%| F|  |TAMS 0x0000000708200000, 0x0000000708200000| Untracked 
|  40|0x0000000708400000, 0x0000000708400000, 0x0000000708600000|  0%| F|  |TAMS 0x0000000708400000, 0x0000000708400000| Untracked 
|  41|0x0000000708600000, 0x0000000708600000, 0x0000000708800000|  0%| F|  |TAMS 0x0000000708600000, 0x0000000708600000| Untracked 
|  42|0x0000000708800000, 0x0000000708800000, 0x0000000708a00000|  0%| F|  |TAMS 0x0000000708800000, 0x0000000708800000| Untracked 
|  43|0x0000000708a00000, 0x0000000708a00000, 0x0000000708c00000|  0%| F|  |TAMS 0x0000000708a00000, 0x0000000708a00000| Untracked 
|  44|0x0000000708c00000, 0x0000000708c00000, 0x0000000708e00000|  0%| F|  |TAMS 0x0000000708c00000, 0x0000000708c00000| Untracked 
|  45|0x0000000708e00000, 0x0000000708e00000, 0x0000000709000000|  0%| F|  |TAMS 0x0000000708e00000, 0x0000000708e00000| Untracked 
|  46|0x0000000709000000, 0x0000000709000000, 0x0000000709200000|  0%| F|  |TAMS 0x0000000709000000, 0x0000000709000000| Untracked 
|  47|0x0000000709200000, 0x0000000709200000, 0x0000000709400000|  0%| F|  |TAMS 0x0000000709200000, 0x0000000709200000| Untracked 
|  48|0x0000000709400000, 0x0000000709400000, 0x0000000709600000|  0%| F|  |TAMS 0x0000000709400000, 0x0000000709400000| Untracked 
|  49|0x0000000709600000, 0x0000000709600000, 0x0000000709800000|  0%| F|  |TAMS 0x0000000709600000, 0x0000000709600000| Untracked 
|  50|0x0000000709800000, 0x0000000709800000, 0x0000000709a00000|  0%| F|  |TAMS 0x0000000709800000, 0x0000000709800000| Untracked 
|  51|0x0000000709a00000, 0x0000000709a00000, 0x0000000709c00000|  0%| F|  |TAMS 0x0000000709a00000, 0x0000000709a00000| Untracked 
|  52|0x0000000709c00000, 0x0000000709c00000, 0x0000000709e00000|  0%| F|  |TAMS 0x0000000709c00000, 0x0000000709c00000| Untracked 
|  53|0x0000000709e00000, 0x0000000709e00000, 0x000000070a000000|  0%| F|  |TAMS 0x0000000709e00000, 0x0000000709e00000| Untracked 
|  54|0x000000070a000000, 0x000000070a000000, 0x000000070a200000|  0%| F|  |TAMS 0x000000070a000000, 0x000000070a000000| Untracked 
|  55|0x000000070a200000, 0x000000070a200000, 0x000000070a400000|  0%| F|  |TAMS 0x000000070a200000, 0x000000070a200000| Untracked 
|  56|0x000000070a400000, 0x000000070a400000, 0x000000070a600000|  0%| F|  |TAMS 0x000000070a400000, 0x000000070a400000| Untracked 
|  57|0x000000070a600000, 0x000000070a600000, 0x000000070a800000|  0%| F|  |TAMS 0x000000070a600000, 0x000000070a600000| Untracked 
|  58|0x000000070a800000, 0x000000070a800000, 0x000000070aa00000|  0%| F|  |TAMS 0x000000070a800000, 0x000000070a800000| Untracked 
|  59|0x000000070aa00000, 0x000000070aa00000, 0x000000070ac00000|  0%| F|  |TAMS 0x000000070aa00000, 0x000000070aa00000| Untracked 
|  60|0x000000070ac00000, 0x000000070ac00000, 0x000000070ae00000|  0%| F|  |TAMS 0x000000070ac00000, 0x000000070ac00000| Untracked 
|  61|0x000000070ae00000, 0x000000070ae00000, 0x000000070b000000|  0%| F|  |TAMS 0x000000070ae00000, 0x000000070ae00000| Untracked 
|  62|0x000000070b000000, 0x000000070b000000, 0x000000070b200000|  0%| F|  |TAMS 0x000000070b000000, 0x000000070b000000| Untracked 
|  63|0x000000070b200000, 0x000000070b200000, 0x000000070b400000|  0%| F|  |TAMS 0x000000070b200000, 0x000000070b200000| Untracked 
|  64|0x000000070b400000, 0x000000070b400000, 0x000000070b600000|  0%| F|  |TAMS 0x000000070b400000, 0x000000070b400000| Untracked 
|  65|0x000000070b600000, 0x000000070b600000, 0x000000070b800000|  0%| F|  |TAMS 0x000000070b600000, 0x000000070b600000| Untracked 
|  66|0x000000070b800000, 0x000000070b800000, 0x000000070ba00000|  0%| F|  |TAMS 0x000000070b800000, 0x000000070b800000| Untracked 
|  67|0x000000070ba00000, 0x000000070ba00000, 0x000000070bc00000|  0%| F|  |TAMS 0x000000070ba00000, 0x000000070ba00000| Untracked 
|  68|0x000000070bc00000, 0x000000070bc00000, 0x000000070be00000|  0%| F|  |TAMS 0x000000070bc00000, 0x000000070bc00000| Untracked 
|  69|0x000000070be00000, 0x000000070be00000, 0x000000070c000000|  0%| F|  |TAMS 0x000000070be00000, 0x000000070be00000| Untracked 
|  70|0x000000070c000000, 0x000000070c000000, 0x000000070c200000|  0%| F|  |TAMS 0x000000070c000000, 0x000000070c000000| Untracked 
|  71|0x000000070c200000, 0x000000070c200000, 0x000000070c400000|  0%| F|  |TAMS 0x000000070c200000, 0x000000070c200000| Untracked 
|  72|0x000000070c400000, 0x000000070c400000, 0x000000070c600000|  0%| F|  |TAMS 0x000000070c400000, 0x000000070c400000| Untracked 
|  73|0x000000070c600000, 0x000000070c600000, 0x000000070c800000|  0%| F|  |TAMS 0x000000070c600000, 0x000000070c600000| Untracked 
|  74|0x000000070c800000, 0x000000070c800000, 0x000000070ca00000|  0%| F|  |TAMS 0x000000070c800000, 0x000000070c800000| Untracked 
|  75|0x000000070ca00000, 0x000000070ca00000, 0x000000070cc00000|  0%| F|  |TAMS 0x000000070ca00000, 0x000000070ca00000| Untracked 
|  76|0x000000070cc00000, 0x000000070cc00000, 0x000000070ce00000|  0%| F|  |TAMS 0x000000070cc00000, 0x000000070cc00000| Untracked 
|  77|0x000000070ce00000, 0x000000070ce00000, 0x000000070d000000|  0%| F|  |TAMS 0x000000070ce00000, 0x000000070ce00000| Untracked 
|  78|0x000000070d000000, 0x000000070d000000, 0x000000070d200000|  0%| F|  |TAMS 0x000000070d000000, 0x000000070d000000| Untracked 
|  79|0x000000070d200000, 0x000000070d200000, 0x000000070d400000|  0%| F|  |TAMS 0x000000070d200000, 0x000000070d200000| Untracked 
|  80|0x000000070d400000, 0x000000070d400000, 0x000000070d600000|  0%| F|  |TAMS 0x000000070d400000, 0x000000070d400000| Untracked 
|  81|0x000000070d600000, 0x000000070d600000, 0x000000070d800000|  0%| F|  |TAMS 0x000000070d600000, 0x000000070d600000| Untracked 
|  82|0x000000070d800000, 0x000000070d800000, 0x000000070da00000|  0%| F|  |TAMS 0x000000070d800000, 0x000000070d800000| Untracked 
|  83|0x000000070da00000, 0x000000070da00000, 0x000000070dc00000|  0%| F|  |TAMS 0x000000070da00000, 0x000000070da00000| Untracked 
|  84|0x000000070dc00000, 0x000000070dc00000, 0x000000070de00000|  0%| F|  |TAMS 0x000000070dc00000, 0x000000070dc00000| Untracked 
|  85|0x000000070de00000, 0x000000070de00000, 0x000000070e000000|  0%| F|  |TAMS 0x000000070de00000, 0x000000070de00000| Untracked 
|  86|0x000000070e000000, 0x000000070e000000, 0x000000070e200000|  0%| F|  |TAMS 0x000000070e000000, 0x000000070e000000| Untracked 
|  87|0x000000070e200000, 0x000000070e200000, 0x000000070e400000|  0%| F|  |TAMS 0x000000070e200000, 0x000000070e200000| Untracked 
|  88|0x000000070e400000, 0x000000070e400000, 0x000000070e600000|  0%| F|  |TAMS 0x000000070e400000, 0x000000070e400000| Untracked 
|  89|0x000000070e600000, 0x000000070e600000, 0x000000070e800000|  0%| F|  |TAMS 0x000000070e600000, 0x000000070e600000| Untracked 
|  90|0x000000070e800000, 0x000000070e800000, 0x000000070ea00000|  0%| F|  |TAMS 0x000000070e800000, 0x000000070e800000| Untracked 
|  91|0x000000070ea00000, 0x000000070ea00000, 0x000000070ec00000|  0%| F|  |TAMS 0x000000070ea00000, 0x000000070ea00000| Untracked 
|  92|0x000000070ec00000, 0x000000070ec00000, 0x000000070ee00000|  0%| F|  |TAMS 0x000000070ec00000, 0x000000070ec00000| Untracked 
|  93|0x000000070ee00000, 0x000000070ee00000, 0x000000070f000000|  0%| F|  |TAMS 0x000000070ee00000, 0x000000070ee00000| Untracked 
|  94|0x000000070f000000, 0x000000070f000000, 0x000000070f200000|  0%| F|  |TAMS 0x000000070f000000, 0x000000070f000000| Untracked 
|  95|0x000000070f200000, 0x000000070f200000, 0x000000070f400000|  0%| F|  |TAMS 0x000000070f200000, 0x000000070f200000| Untracked 
|  96|0x000000070f400000, 0x000000070f400000, 0x000000070f600000|  0%| F|  |TAMS 0x000000070f400000, 0x000000070f400000| Untracked 
|  97|0x000000070f600000, 0x000000070f600000, 0x000000070f800000|  0%| F|  |TAMS 0x000000070f600000, 0x000000070f600000| Untracked 
|  98|0x000000070f800000, 0x000000070f800000, 0x000000070fa00000|  0%| F|  |TAMS 0x000000070f800000, 0x000000070f800000| Untracked 
|  99|0x000000070fa00000, 0x000000070fa00000, 0x000000070fc00000|  0%| F|  |TAMS 0x000000070fa00000, 0x000000070fa00000| Untracked 
| 100|0x000000070fc00000, 0x000000070fc00000, 0x000000070fe00000|  0%| F|  |TAMS 0x000000070fc00000, 0x000000070fc00000| Untracked 
| 101|0x000000070fe00000, 0x000000070fe00000, 0x0000000710000000|  0%| F|  |TAMS 0x000000070fe00000, 0x000000070fe00000| Untracked 
| 102|0x0000000710000000, 0x0000000710000000, 0x0000000710200000|  0%| F|  |TAMS 0x0000000710000000, 0x0000000710000000| Untracked 
| 103|0x0000000710200000, 0x0000000710200000, 0x0000000710400000|  0%| F|  |TAMS 0x0000000710200000, 0x0000000710200000| Untracked 
| 104|0x0000000710400000, 0x0000000710400000, 0x0000000710600000|  0%| F|  |TAMS 0x0000000710400000, 0x0000000710400000| Untracked 
| 105|0x0000000710600000, 0x0000000710600000, 0x0000000710800000|  0%| F|  |TAMS 0x0000000710600000, 0x0000000710600000| Untracked 
| 106|0x0000000710800000, 0x0000000710800000, 0x0000000710a00000|  0%| F|  |TAMS 0x0000000710800000, 0x0000000710800000| Untracked 
| 107|0x0000000710a00000, 0x0000000710a00000, 0x0000000710c00000|  0%| F|  |TAMS 0x0000000710a00000, 0x0000000710a00000| Untracked 
| 108|0x0000000710c00000, 0x0000000710c00000, 0x0000000710e00000|  0%| F|  |TAMS 0x0000000710c00000, 0x0000000710c00000| Untracked 
| 109|0x0000000710e00000, 0x0000000710e00000, 0x0000000711000000|  0%| F|  |TAMS 0x0000000710e00000, 0x0000000710e00000| Untracked 
| 110|0x0000000711000000, 0x0000000711000000, 0x0000000711200000|  0%| F|  |TAMS 0x0000000711000000, 0x0000000711000000| Untracked 
| 111|0x0000000711200000, 0x0000000711200000, 0x0000000711400000|  0%| F|  |TAMS 0x0000000711200000, 0x0000000711200000| Untracked 
| 112|0x0000000711400000, 0x0000000711400000, 0x0000000711600000|  0%| F|  |TAMS 0x0000000711400000, 0x0000000711400000| Untracked 
| 113|0x0000000711600000, 0x0000000711600000, 0x0000000711800000|  0%| F|  |TAMS 0x0000000711600000, 0x0000000711600000| Untracked 
| 114|0x0000000711800000, 0x0000000711800000, 0x0000000711a00000|  0%| F|  |TAMS 0x0000000711800000, 0x0000000711800000| Untracked 
| 115|0x0000000711a00000, 0x0000000711a00000, 0x0000000711c00000|  0%| F|  |TAMS 0x0000000711a00000, 0x0000000711a00000| Untracked 
| 116|0x0000000711c00000, 0x0000000711c00000, 0x0000000711e00000|  0%| F|  |TAMS 0x0000000711c00000, 0x0000000711c00000| Untracked 
| 117|0x0000000711e00000, 0x0000000711e00000, 0x0000000712000000|  0%| F|  |TAMS 0x0000000711e00000, 0x0000000711e00000| Untracked 
| 118|0x0000000712000000, 0x0000000712000000, 0x0000000712200000|  0%| F|  |TAMS 0x0000000712000000, 0x0000000712000000| Untracked 
| 119|0x0000000712200000, 0x0000000712200000, 0x0000000712400000|  0%| F|  |TAMS 0x0000000712200000, 0x0000000712200000| Untracked 
| 120|0x0000000712400000, 0x0000000712400000, 0x0000000712600000|  0%| F|  |TAMS 0x0000000712400000, 0x0000000712400000| Untracked 
| 121|0x0000000712600000, 0x0000000712600000, 0x0000000712800000|  0%| F|  |TAMS 0x0000000712600000, 0x0000000712600000| Untracked 
| 122|0x0000000712800000, 0x0000000712800000, 0x0000000712a00000|  0%| F|  |TAMS 0x0000000712800000, 0x0000000712800000| Untracked 
| 123|0x0000000712a00000, 0x0000000712a00000, 0x0000000712c00000|  0%| F|  |TAMS 0x0000000712a00000, 0x0000000712a00000| Untracked 
| 124|0x0000000712c00000, 0x0000000712d55588, 0x0000000712e00000| 66%| E|  |TAMS 0x0000000712c00000, 0x0000000712c00000| Complete 
| 125|0x0000000712e00000, 0x0000000713000000, 0x0000000713000000|100%| E|CS|TAMS 0x0000000712e00000, 0x0000000712e00000| Complete 
| 126|0x0000000713000000, 0x0000000713200000, 0x0000000713200000|100%| E|CS|TAMS 0x0000000713000000, 0x0000000713000000| Complete 

Card table byte_map: [0x000001a67df60000,0x000001a67e750000] _byte_map_base: 0x000001a67a746000

Marking Bits (Prev, Next): (CMBitMap*) 0x000001a666cfab40, (CMBitMap*) 0x000001a666cfab80
 Prev Bits: [0x000001a600000000, 0x000001a603f30000)
 Next Bits: [0x000001a603f30000, 0x000001a607e60000)

Polling page: 0x000001a666490000

Metaspace:

Usage:
  Non-class:      2.34 MB used.
      Class:    228.23 KB used.
       Both:      2.57 MB used.

Virtual space:
  Non-class space:        8.00 MB reserved,       2.44 MB ( 30%) committed,  1 nodes.
      Class space:        1.00 GB reserved,     320.00 KB ( <1%) committed,  1 nodes.
              Both:        1.01 GB reserved,       2.75 MB ( <1%) committed. 

Chunk freelists:
   Non-Class:  3.72 MB
       Class:  3.73 MB
        Both:  7.44 MB

MaxMetaspaceSize: 17179869184.00 GB
CompressedClassSpaceSize: 1.00 GB
 - commit_granule_bytes: 65536.
 - commit_granule_words: 8192.
 - virtual_space_node_default_size: 1048576.
 - enlarge_chunks_in_place: 1.
 - new_chunks_are_fully_committed: 0.
 - uncommit_free_chunks: 1.
 - use_allocation_guard: 0.
 - handle_deallocations: 1.


Internal statistics:

num_allocs_failed_limit: 0.
num_arena_births: 10.
num_arena_deaths: 0.
num_vsnodes_births: 2.
num_vsnodes_deaths: 0.
num_space_committed: 44.
num_space_uncommitted: 0.
num_chunks_returned_to_freelist: 0.
num_chunks_taken_from_freelist: 33.
num_chunk_merges: 0.
num_chunk_splits: 15.
num_chunks_enlarged: 10.
num_purges: 0.

CodeHeap 'non-profiled nmethods': size=120000Kb used=121Kb max_used=121Kb free=119878Kb
 bounds [0x000001a675f00000, 0x000001a676170000, 0x000001a67d430000]
CodeHeap 'profiled nmethods': size=120000Kb used=518Kb max_used=518Kb free=119481Kb
 bounds [0x000001a66e9d0000, 0x000001a66ec40000, 0x000001a675f00000]
CodeHeap 'non-nmethods': size=5760Kb used=1211Kb max_used=1236Kb free=4549Kb
 bounds [0x000001a66e430000, 0x000001a66e6a0000, 0x000001a66e9d0000]
 total_blobs=802 nmethods=382 adapters=333
 compilation: enabled
              stopped_count=0, restarted_count=0
 full_count=0

Compilation events (20 events):
Event: 66.746 Thread 0x000001a67f9ac230  377       3       org.eclipse.jdt.launching.internal.org.objectweb.asm.SymbolTable::add (39 bytes)
Event: 66.746 Thread 0x000001a67f9ac230 nmethod 377 0x000001a66ea4ec90 code [0x000001a66ea4ee40, 0x000001a66ea4f1b8]
Event: 157.147 Thread 0x000001a67f9ab480  378       4       org.eclipse.jdt.launching.internal.org.objectweb.asm.ClassReader::readUnsignedShort (26 bytes)
Event: 157.147 Thread 0x000001a67f9ac230  379       3       org.eclipse.jdt.launching.internal.org.objectweb.asm.SymbolTable::addConstantUtf8 (20 bytes)
Event: 157.148 Thread 0x000001a67f9ac230 nmethod 379 0x000001a66ea4f310 code [0x000001a66ea4f4e0, 0x000001a66ea4f7a8]
Event: 157.148 Thread 0x000001a67f9ac230  380       3       org.eclipse.jdt.launching.internal.org.objectweb.asm.ClassReader::readUtf (161 bytes)
Event: 157.150 Thread 0x000001a67f9ac230 nmethod 380 0x000001a66ea4f910 code [0x000001a66ea4fae0, 0x000001a66ea4ffa8]
Event: 157.150 Thread 0x000001a67f9ac230  382       3       java.lang.StringUTF16::compress (20 bytes)
Event: 157.150 Thread 0x000001a67f9ab480 

Event: 157.151 Thread 0x000001a67f9ac230 nmethod 382 0x000001a66ea50290 code [0x000001a66ea50440, 0x000001a66ea506a8]
Event: 157.151 Thread 0x000001a67f9ac230  381       3       java.lang.String::rangeCheck (9 bytes)
Event: 157.151 Thread 0x000001a67f9ac230 nmethod 381 0x000001a66ea50790 code [0x000001a66ea50940, 0x000001a66ea50a88]
Event: 181.676 Thread 0x000001a67f9ac230  383       3       java.lang.String::<init> (14 bytes)
Event: 181.676 Thread 0x000001a67f9ac230 nmethod 383 0x000001a66ea50b90 code [0x000001a66ea50d60, 0x000001a66ea50f78]
Event: 181.676 Thread 0x000001a67f9ac230  384       3       org.eclipse.jdt.launching.internal.org.objectweb.asm.SymbolTable$Entry::<init> (17 bytes)
Event: 181.676 Thread 0x000001a67f9ac230 nmethod 384 0x000001a66ea51090 code [0x000001a66ea51240, 0x000001a66ea513e8]
Event: 241.819 Thread 0x000001a67f9ab480  385       4       org.eclipse.jdt.launching.internal.org.objectweb.asm.ClassReader::readUnsignedShort (26 bytes)
Event: 241.819 Thread 0x000001a67f9ac230  386       3       org.eclipse.jdt.launching.internal.org.objectweb.asm.ByteVector::putShort (52 bytes)
Event: 241.819 Thread 0x000001a67f9ac230 nmethod 386 0x000001a66ea51490 code [0x000001a66ea51640, 0x000001a66ea51868]
Event: 241.821 Thread 0x000001a67f9ab480 


GC Heap History (0 events):
No events

Deoptimization events (20 events):
Event: 0.204 Thread 0x000001a666caa940 DEOPT PACKING pc=0x000001a66ea394fc sp=0x0000001ab71fb7f0
Event: 0.204 Thread 0x000001a666caa940 DEOPT UNPACKING pc=0x000001a66e47dece sp=0x0000001ab71fac58 mode 0
Event: 0.204 Thread 0x000001a666caa940 DEOPT PACKING pc=0x000001a66ea394fc sp=0x0000001ab71fb7f0
Event: 0.204 Thread 0x000001a666caa940 DEOPT UNPACKING pc=0x000001a66e47dece sp=0x0000001ab71fac58 mode 0
Event: 0.208 Thread 0x000001a666caa940 Uncommon trap: trap_request=0xffffff45 fr.pc=0x000001a675f08ed8 relative=0x0000000000000238
Event: 0.208 Thread 0x000001a666caa940 Uncommon trap: reason=unstable_if action=reinterpret pc=0x000001a675f08ed8 method=java.lang.String.isLatin1()Z @ 10 c2
Event: 0.208 Thread 0x000001a666caa940 DEOPT PACKING pc=0x000001a675f08ed8 sp=0x0000001ab71fc780
Event: 0.208 Thread 0x000001a666caa940 DEOPT UNPACKING pc=0x000001a66e47d72e sp=0x0000001ab71fc6b8 mode 2
Event: 0.208 Thread 0x000001a666caa940 Uncommon trap: trap_request=0xffffff45 fr.pc=0x000001a675f0f700 relative=0x0000000000000060
Event: 0.208 Thread 0x000001a666caa940 Uncommon trap: reason=unstable_if action=reinterpret pc=0x000001a675f0f700 method=java.lang.String.isLatin1()Z @ 10 c2
Event: 0.208 Thread 0x000001a666caa940 DEOPT PACKING pc=0x000001a675f0f700 sp=0x0000001ab71fc710
Event: 0.208 Thread 0x000001a666caa940 DEOPT UNPACKING pc=0x000001a66e47d72e sp=0x0000001ab71fc6b0 mode 2
Event: 0.213 Thread 0x000001a666caa940 DEOPT PACKING pc=0x000001a66ea394fc sp=0x0000001ab71f79b0
Event: 0.213 Thread 0x000001a666caa940 DEOPT UNPACKING pc=0x000001a66e47dece sp=0x0000001ab71f6e18 mode 0
Event: 0.213 Thread 0x000001a666caa940 DEOPT PACKING pc=0x000001a66ea394fc sp=0x0000001ab71f79b0
Event: 0.213 Thread 0x000001a666caa940 DEOPT UNPACKING pc=0x000001a66e47dece sp=0x0000001ab71f6e18 mode 0
Event: 0.213 Thread 0x000001a666caa940 DEOPT PACKING pc=0x000001a66ea394fc sp=0x0000001ab71f79b0
Event: 0.213 Thread 0x000001a666caa940 DEOPT UNPACKING pc=0x000001a66e47dece sp=0x0000001ab71f6e18 mode 0
Event: 0.214 Thread 0x000001a666caa940 DEOPT PACKING pc=0x000001a66ea394fc sp=0x0000001ab71f79b0
Event: 0.214 Thread 0x000001a666caa940 DEOPT UNPACKING pc=0x000001a66e47dece sp=0x0000001ab71f6e18 mode 0

Classes unloaded (0 events):
No events

Classes redefined (6 events):
Event: 35.957 Thread 0x000001a67f982620 redefined class name=com.patika.mustafa.java101.minefield.MineField, count=1
Event: 66.744 Thread 0x000001a67f982620 redefined class name=com.patika.mustafa.java101.minefield.MineField, count=2
Event: 157.149 Thread 0x000001a67f982620 redefined class name=com.patika.mustafa.java101.minefield.MineField, count=3
Event: 181.676 Thread 0x000001a67f982620 redefined class name=com.patika.mustafa.java101.minefield.MineField, count=4
Event: 241.820 Thread 0x000001a67f982620 redefined class name=com.patika.mustafa.java101.minefield.MineField, count=5
Event: 279.380 Thread 0x000001a67f982620 redefined class name=com.patika.mustafa.java101.minefield.MineField, count=6

Internal exceptions (1 events):
Event: 0.181 Thread 0x000001a666caa940 Exception <a 'java/lang/NoSuchMethodError'{0x0000000712fd5910}: 'java.lang.Object java.lang.invoke.DirectMethodHandle$Holder.invokeStatic(java.lang.Object)'> (0x0000000712fd5910) 
thrown [t:\workspace\open\src\hotspot\share\interpreter\linkResolver.cpp, line 790]

Events (20 events):
Event: 241.825 Executing  VM operation: ChangeBreakpoints done
Event: 241.829 Executing  VM operation: ChangeBreakpoints
Event: 241.829 Executing  VM operation: ChangeBreakpoints done
Event: 241.833 Executing  VM operation: ChangeBreakpoints
Event: 241.833 Executing  VM operation: ChangeBreakpoints done
Event: 241.837 Executing  VM operation: ChangeBreakpoints
Event: 241.837 Executing  VM operation: ChangeBreakpoints done
Event: 242.105 Executing  VM operation: get/set locals
Event: 242.105 Executing  VM operation: get/set locals done
Event: 279.380 Executing  VM operation: RedefineClasses
Event: 279.381 Executing  VM operation: RedefineClasses done
Event: 279.385 Executing  VM operation: ChangeBreakpoints
Event: 279.386 Executing  VM operation: ChangeBreakpoints done
Event: 279.390 Executing  VM operation: ChangeBreakpoints
Event: 279.390 Executing  VM operation: ChangeBreakpoints done
Event: 279.394 Executing  VM operation: ChangeBreakpoints
Event: 279.394 Executing  VM operation: ChangeBreakpoints done
Event: 279.398 Executing  VM operation: ChangeBreakpoints
Event: 279.398 Executing  VM operation: ChangeBreakpoints done
Event: 279.601 Executing  VM operation: get/set locals


Dynamic libraries:
0x00007ff6e4970000 - 0x00007ff6e4980000 	C:\Program Files\Java\jdk-16.0.2\bin\javaw.exe
0x00007ffb8a7b0000 - 0x00007ffb8a9a5000 	C:\Windows\SYSTEM32\ntdll.dll
0x00007ffb88800000 - 0x00007ffb888be000 	C:\Windows\System32\KERNEL32.DLL
0x00007ffb881c0000 - 0x00007ffb88489000 	C:\Windows\System32\KERNELBASE.dll
0x00007ffb87f00000 - 0x00007ffb88000000 	C:\Windows\System32\ucrtbase.dll
0x00007ffb2a750000 - 0x00007ffb2a769000 	C:\Program Files\Java\jdk-16.0.2\bin\VCRUNTIME140.dll
0x00007ffb2a730000 - 0x00007ffb2a748000 	C:\Program Files\Java\jdk-16.0.2\bin\jli.dll
0x00007ffb89b00000 - 0x00007ffb89bac000 	C:\Windows\System32\ADVAPI32.dll
0x00007ffb89170000 - 0x00007ffb8920e000 	C:\Windows\System32\msvcrt.dll
0x00007ffb8a050000 - 0x00007ffb8a0eb000 	C:\Windows\System32\sechost.dll
0x00007ffb88960000 - 0x00007ffb88a8a000 	C:\Windows\System32\RPCRT4.dll
0x00007ffb88ab0000 - 0x00007ffb88c51000 	C:\Windows\System32\USER32.dll
0x00007ffb87ed0000 - 0x00007ffb87ef2000 	C:\Windows\System32\win32u.dll
0x00007ffb70590000 - 0x00007ffb7082a000 	C:\Windows\WinSxS\amd64_microsoft.windows.common-controls_6595b64144ccf1df_6.0.19041.1110_none_60b5254171f9507e\COMCTL32.dll
0x00007ffb89140000 - 0x00007ffb8916b000 	C:\Windows\System32\GDI32.dll
0x00007ffb880b0000 - 0x00007ffb881bb000 	C:\Windows\System32\gdi32full.dll
0x00007ffb88490000 - 0x00007ffb8852d000 	C:\Windows\System32\msvcp_win.dll
0x00007ffb81ce0000 - 0x00007ffb81cea000 	C:\Windows\SYSTEM32\VERSION.dll
0x00007ffb88920000 - 0x00007ffb88950000 	C:\Windows\System32\IMM32.DLL
0x00007ffb83db0000 - 0x00007ffb83dbc000 	C:\Program Files\Java\jdk-16.0.2\bin\vcruntime140_1.dll
0x00007ffb2a690000 - 0x00007ffb2a721000 	C:\Program Files\Java\jdk-16.0.2\bin\msvcp140.dll
0x00007ffb29ae0000 - 0x00007ffb2a68b000 	C:\Program Files\Java\jdk-16.0.2\bin\server\jvm.dll
0x00007ffb88950000 - 0x00007ffb88958000 	C:\Windows\System32\PSAPI.DLL
0x00007ffb70fe0000 - 0x00007ffb71007000 	C:\Windows\SYSTEM32\WINMM.dll
0x00007ffb6c1e0000 - 0x00007ffb6c1e9000 	C:\Windows\SYSTEM32\WSOCK32.dll
0x00007ffb8a650000 - 0x00007ffb8a6bb000 	C:\Windows\System32\WS2_32.dll
0x00007ffb85cf0000 - 0x00007ffb85d02000 	C:\Windows\SYSTEM32\kernel.appcore.dll
0x00007ffb58e60000 - 0x00007ffb58e6a000 	C:\Program Files\Java\jdk-16.0.2\bin\jimage.dll
0x00007ffb725d0000 - 0x00007ffb727b4000 	C:\Windows\SYSTEM32\DBGHELP.DLL
0x00007ffb70830000 - 0x00007ffb7085c000 	C:\Windows\SYSTEM32\dbgcore.DLL
0x00007ffb886c0000 - 0x00007ffb88743000 	C:\Windows\System32\bcryptPrimitives.dll
0x00007ffb716e0000 - 0x00007ffb7171b000 	C:\Program Files\Java\jdk-16.0.2\bin\jdwp.dll
0x00007ffb57fd0000 - 0x00007ffb57fde000 	C:\Program Files\Java\jdk-16.0.2\bin\instrument.dll
0x00007ffb29ab0000 - 0x00007ffb29ad5000 	C:\Program Files\Java\jdk-16.0.2\bin\java.dll
0x00007ffb89330000 - 0x00007ffb89a6f000 	C:\Windows\System32\SHELL32.dll
0x00007ffb85fd0000 - 0x00007ffb86760000 	C:\Windows\SYSTEM32\windows.storage.dll
0x00007ffb8a2f0000 - 0x00007ffb8a645000 	C:\Windows\System32\combase.dll
0x00007ffb87920000 - 0x00007ffb8794c000 	C:\Windows\SYSTEM32\Wldp.dll
0x00007ffb8a6c0000 - 0x00007ffb8a76d000 	C:\Windows\System32\SHCORE.dll
0x00007ffb89c70000 - 0x00007ffb89cc5000 	C:\Windows\System32\shlwapi.dll
0x00007ffb87e10000 - 0x00007ffb87e2f000 	C:\Windows\SYSTEM32\profapi.dll
0x00007ffb71770000 - 0x00007ffb7177c000 	C:\Program Files\Java\jdk-16.0.2\bin\dt_socket.dll
0x00007ffb87320000 - 0x00007ffb8735b000 	C:\Windows\SYSTEM32\IPHLPAPI.DLL
0x00007ffb87680000 - 0x00007ffb876ea000 	C:\Windows\system32\mswsock.dll
0x00007ffb87370000 - 0x00007ffb8743c000 	C:\Windows\SYSTEM32\DNSAPI.dll
0x00007ffb89fe0000 - 0x00007ffb89fe8000 	C:\Windows\System32\NSI.dll
0x00007ffb80640000 - 0x00007ffb8064a000 	C:\Windows\System32\rasadhlp.dll
0x00007ffb7d0b0000 - 0x00007ffb7d12f000 	C:\Windows\System32\fwpuclnt.dll
0x00007ffb88690000 - 0x00007ffb886b7000 	C:\Windows\System32\bcrypt.dll
0x00007ffb26f00000 - 0x00007ffb26f18000 	C:\Program Files\Java\jdk-16.0.2\bin\zip.dll
0x00007ffb26eb0000 - 0x00007ffb26ec9000 	C:\Program Files\Java\jdk-16.0.2\bin\net.dll
0x00007ffb7d290000 - 0x00007ffb7d398000 	C:\Windows\SYSTEM32\WINHTTP.dll
0x00007ffb26e90000 - 0x00007ffb26ea3000 	C:\Program Files\Java\jdk-16.0.2\bin\nio.dll
0x00007ffb57d80000 - 0x00007ffb57d90000 	C:\Program Files\Java\jdk-16.0.2\bin\verify.dll

dbghelp: loaded successfully - version: 4.0.5 - missing functions: none
symbol engine: initialized successfully - sym options: 0x614 - pdb path: .;C:\Program Files\Java\jdk-16.0.2\bin;C:\Windows\SYSTEM32;C:\Windows\WinSxS\amd64_microsoft.windows.common-controls_6595b64144ccf1df_6.0.19041.1110_none_60b5254171f9507e;C:\Program Files\Java\jdk-16.0.2\bin\server

VM Arguments:
jvm_args: -XX:+ShowCodeDetailsInExceptionMessages -agentlib:jdwp=transport=dt_socket,suspend=y,address=localhost:51333 -javaagent:E:\bilge_adam\eclipse_2021\eclipse\configuration\org.eclipse.osgi\1159\0\.cp\lib\javaagent-shaded.jar -Dfile.encoding=UTF-8 
java_command: com.patika.mustafa.java101.minefield.MineField
java_class_path (initial): E:\bilge_adam\bilge_adam_workspace\Patika\bin
Launcher Type: SUN_STANDARD

[Global flags]
     intx CICompilerCount                          = 4                                         {product} {ergonomic}
     uint ConcGCThreads                            = 2                                         {product} {ergonomic}
     uint G1ConcRefinementThreads                  = 8                                         {product} {ergonomic}
   size_t G1HeapRegionSize                         = 2097152                                   {product} {ergonomic}
    uintx GCDrainStackTargetSize                   = 64                                        {product} {ergonomic}
   size_t InitialHeapSize                          = 266338304                                 {product} {ergonomic}
   size_t MarkStackSize                            = 4194304                                   {product} {ergonomic}
   size_t MaxHeapSize                              = 4240441344                                {product} {ergonomic}
   size_t MaxNewSize                               = 2543845376                                {product} {ergonomic}
   size_t MinHeapDeltaBytes                        = 2097152                                   {product} {ergonomic}
   size_t MinHeapSize                              = 8388608                                   {product} {ergonomic}
    uintx NonNMethodCodeHeapSize                   = 5839372                                {pd product} {ergonomic}
    uintx NonProfiledCodeHeapSize                  = 122909434                              {pd product} {ergonomic}
    uintx ProfiledCodeHeapSize                     = 122909434                              {pd product} {ergonomic}
    uintx ReservedCodeCacheSize                    = 251658240                              {pd product} {ergonomic}
     bool SegmentedCodeCache                       = true                                      {product} {ergonomic}
     bool ShowCodeDetailsInExceptionMessages       = true                                   {manageable} {command line}
   size_t SoftMaxHeapSize                          = 4240441344                             {manageable} {ergonomic}
     bool UseCompressedClassPointers               = true                           {product lp64_product} {ergonomic}
     bool UseCompressedOops                        = true                           {product lp64_product} {ergonomic}
     bool UseG1GC                                  = true                                      {product} {ergonomic}
     bool UseLargePagesIndividualAllocation        = false                                  {pd product} {ergonomic}

Logging:
Log output configuration:
 #0: stdout all=warning uptime,level,tags
 #1: stderr all=off uptime,level,tags

Environment Variables:
PATH=C:\Program Files\Common Files\Oracle\Java\javapath;C:\Program Files (x86)\Common Files\Oracle\Java\javapath;C:\Windows\System32;C:\Program Files\Git\cmd;C:\Program Files\dotnet\;C:\Program Files (x86)\NVIDIA Corporation\PhysX\Common;C:\Program Files\MySQL\MySQL Shell 8.0\bin\;C:\Windows\System32;C:\Users\musty\.dotnet\tools;C:\Program Files\PostgreSQL\14\bin;C:\Users\musty\AppData\Local\atom\bin
USERNAME=musty
OS=Windows_NT
PROCESSOR_IDENTIFIER=Intel64 Family 6 Model 165 Stepping 2, GenuineIntel



---------------  S Y S T E M  ---------------

OS:
 Windows 10 , 64 bit Build 19041 (10.0.19041.1202)
OS uptime: 0 days 9:43 hours

CPU: total 8 (initial active 8) (4 cores per cpu, 2 threads per core) family 6 model 165 stepping 2 microcode 0xc8, cx8, cmov, fxsr, ht, mmx, 3dnowpref, sse, sse2, sse3, ssse3, sse4.1, sse4.2, popcnt, lzcnt, tsc, tscinvbit, avx, avx2, aes, erms, clmul, bmi1, bmi2, adx, fma, vzeroupper, clflush, clflushopt

Memory: 4k page, system-wide physical 16173M (7736M free)
TotalPageFile size 21037M (AvailPageFile size 7957M)
current process WorkingSet (physical memory assigned to process): 42M, peak: 43M
current process commit charge ("private bytes"): 345M, peak: 347M

vm_info: Java HotSpot(TM) 64-Bit Server VM (16.0.2+7-67) for windows-amd64 JRE (16.0.2+7-67), built on Jun  8 2021 23:24:19 by "mach5one" with MS VC++ 16.7 (VS2019)

END.
